<?xml version="1.0" encoding="UTF-8"?>
<!-- Generated by org.testng.reporters.JUnitReportReporter -->
<testsuite skipped="0" hostname="DESKTOP-J1M8LB6" name="Program1.IntroductionToTestNG" tests="3" failures="0" timestamp="2022-09-19T09:50:02 IST" time="0.056" errors="0">
  <testcase name="openurl" time="0.051" classname="Program1.IntroductionToTestNG"/>
  <system-out/>
  <testcase name="login" time="0.003" classname="Program1.IntroductionToTestNG"/>
  <system-out/>
  <testcase name="logout" time="0.002" classname="Program1.IntroductionToTestNG"/>
  <system-out/>
</testsuite> <!-- Program1.IntroductionToTestNG -->
